\BOOKMARK [0][-]{chapter*.1}{Resumen}{}% 1
\BOOKMARK [0][-]{chapter*.2}{\315ndice general}{}% 2
\BOOKMARK [0][-]{chapter*.3}{\315ndice de cuadros}{}% 3
\BOOKMARK [0][-]{chapter*.4}{\315ndice de figuras}{}% 4
\BOOKMARK [0][-]{chapter*.5}{\315ndice de listados}{}% 5
\BOOKMARK [0][-]{chapter*.6}{Listado de acr\363nimos}{}% 6
\BOOKMARK [0][-]{chapter*.7}{Agradecimientos}{}% 7
\BOOKMARK [0][-]{chapter.1}{Introducci\363n}{}% 8
\BOOKMARK [1][-]{section.1.1}{Redes sociales}{chapter.1}% 9
\BOOKMARK [1][-]{section.1.2}{El cerebro humano}{chapter.1}% 10
\BOOKMARK [2][-]{subsection.1.2.1}{La neuroplasticidad}{section.1.2}% 11
\BOOKMARK [1][-]{section.1.3}{El entrenamiento cerebral mediante juegos}{chapter.1}% 12
\BOOKMARK [1][-]{section.1.4}{Estructura del documento}{chapter.1}% 13
\BOOKMARK [0][-]{chapter.2}{Motivaci\363n y objetivos}{}% 14
\BOOKMARK [1][-]{section.2.1}{Motivaci\363n}{chapter.2}% 15
\BOOKMARK [2][-]{subsection.2.1.1}{Enfermedad mental}{section.2.1}% 16
\BOOKMARK [2][-]{subsection.2.1.2}{Prevenci\363n de la degeneraci\363n neuronal}{section.2.1}% 17
\BOOKMARK [2][-]{subsection.2.1.3}{Mejora activa}{section.2.1}% 18
\BOOKMARK [1][-]{section.2.2}{Objetivos}{chapter.2}% 19
\BOOKMARK [2][-]{subsection.2.2.1}{Objetivo general}{section.2.2}% 20
\BOOKMARK [2][-]{subsection.2.2.2}{Objetivos espec\355ficos}{section.2.2}% 21
\BOOKMARK [0][-]{chapter.3}{Antecedentes}{}% 22
