This is pdfTeX, Version 3.1415926-2.4-1.40.13 (TeX Live 2012/MacPorts 2012_5) (format=pdflatex 2013.2.10)  21 AUG 2013 23:03
entering extended mode
 \write18 enabled.
 %&-line parsing enabled.
**main.tex
(./main.tex
LaTeX2e <2011/06/27>
Babel <v3.8m> and hyphenation patterns for english, dumylang, nohyphenation, cz
ech, slovak, dutch, ukenglish, usenglishmax, basque, french, german-x-2012-05-3
0, ngerman-x-2012-05-30, german, ngerman, swissgerman, italian, polish, portugu
ese, spanish, catalan, galician, loaded.
(./arco-pfc.cls
Document Class: arco-pfc 2011/05/16 Arco modified book class
(/opt/local/share/texmf-texlive-dist/tex/latex/base/book.cls
Document Class: book 2007/10/19 v1.4h Standard LaTeX document class
(/opt/local/share/texmf-texlive-dist/tex/latex/base/bk12.clo
File: bk12.clo 2007/10/19 v1.4h Standard LaTeX file (size option)
)
\c@part=\count79
\c@chapter=\count80
\c@section=\count81
\c@subsection=\count82
\c@subsubsection=\count83
\c@paragraph=\count84
\c@subparagraph=\count85
\c@figure=\count86
\c@table=\count87
\abovecaptionskip=\skip41
\belowcaptionskip=\skip42
\bibindent=\dimen102
)
(/opt/local/share/texmf-texlive-dist/tex/latex/base/fontenc.sty
Package: fontenc 2005/09/27 v1.99g Standard LaTeX package

(/opt/local/share/texmf-texlive-dist/tex/latex/base/t1enc.def
File: t1enc.def 2005/09/27 v1.99g Standard LaTeX file
LaTeX Font Info:    Redeclaring font encoding T1 on input line 43.
))
(/opt/local/share/texmf-texlive-dist/tex/latex/base/inputenc.sty
Package: inputenc 2008/03/30 v1.1d Input encoding file
\inpenc@prehook=\toks14
\inpenc@posthook=\toks15

(/opt/local/share/texmf-texlive-dist/tex/latex/base/utf8.def
File: utf8.def 2008/04/05 v1.1m UTF-8 support for inputenc
Now handling font encoding OML ...
... no UTF-8 mapping file for font encoding OML
Now handling font encoding T1 ...
... processing UTF-8 mapping file for font encoding T1

(/opt/local/share/texmf-texlive-dist/tex/latex/base/t1enc.dfu
File: t1enc.dfu 2008/04/05 v1.1m UTF-8 support for inputenc
   defining Unicode char U+00A1 (decimal 161)
   defining Unicode char U+00A3 (decimal 163)
   defining Unicode char U+00AB (decimal 171)
   defining Unicode char U+00BB (decimal 187)
   defining Unicode char U+00BF (decimal 191)
   defining Unicode char U+00C0 (decimal 192)
   defining Unicode char U+00C1 (decimal 193)
   defining Unicode char U+00C2 (decimal 194)
   defining Unicode char U+00C3 (decimal 195)
   defining Unicode char U+00C4 (decimal 196)
   defining Unicode char U+00C5 (decimal 197)
   defining Unicode char U+00C6 (decimal 198)
   defining Unicode char U+00C7 (decimal 199)
   defining Unicode char U+00C8 (decimal 200)
   defining Unicode char U+00C9 (decimal 201)
   defining Unicode char U+00CA (decimal 202)
   defining Unicode char U+00CB (decimal 203)
   defining Unicode char U+00CC (decimal 204)
   defining Unicode char U+00CD (decimal 205)
   defining Unicode char U+00CE (decimal 206)
   defining Unicode char U+00CF (decimal 207)
   defining Unicode char U+00D0 (decimal 208)
   defining Unicode char U+00D1 (decimal 209)
   defining Unicode char U+00D2 (decimal 210)
   defining Unicode char U+00D3 (decimal 211)
   defining Unicode char U+00D4 (decimal 212)
   defining Unicode char U+00D5 (decimal 213)
   defining Unicode char U+00D6 (decimal 214)
   defining Unicode char U+00D8 (decimal 216)
   defining Unicode char U+00D9 (decimal 217)
   defining Unicode char U+00DA (decimal 218)
   defining Unicode char U+00DB (decimal 219)
   defining Unicode char U+00DC (decimal 220)
   defining Unicode char U+00DD (decimal 221)
   defining Unicode char U+00DE (decimal 222)
   defining Unicode char U+00DF (decimal 223)
   defining Unicode char U+00E0 (decimal 224)
   defining Unicode char U+00E1 (decimal 225)
   defining Unicode char U+00E2 (decimal 226)
   defining Unicode char U+00E3 (decimal 227)
   defining Unicode char U+00E4 (decimal 228)
   defining Unicode char U+00E5 (decimal 229)
   defining Unicode char U+00E6 (decimal 230)
   defining Unicode char U+00E7 (decimal 231)
   defining Unicode char U+00E8 (decimal 232)
   defining Unicode char U+00E9 (decimal 233)
   defining Unicode char U+00EA (decimal 234)
   defining Unicode char U+00EB (decimal 235)
   defining Unicode char U+00EC (decimal 236)
   defining Unicode char U+00ED (decimal 237)
   defining Unicode char U+00EE (decimal 238)
   defining Unicode char U+00EF (decimal 239)
   defining Unicode char U+00F0 (decimal 240)
   defining Unicode char U+00F1 (decimal 241)
   defining Unicode char U+00F2 (decimal 242)
   defining Unicode char U+00F3 (decimal 243)
   defining Unicode char U+00F4 (decimal 244)
   defining Unicode char U+00F5 (decimal 245)
   defining Unicode char U+00F6 (decimal 246)
   defining Unicode char U+00F8 (decimal 248)
   defining Unicode char U+00F9 (decimal 249)
   defining Unicode char U+00FA (decimal 250)
   defining Unicode char U+00FB (decimal 251)
   defining Unicode char U+00FC (decimal 252)
   defining Unicode char U+00FD (decimal 253)
   defining Unicode char U+00FE (decimal 254)
   defining Unicode char U+00FF (decimal 255)
   defining Unicode char U+0102 (decimal 258)
   defining Unicode char U+0103 (decimal 259)
   defining Unicode char U+0104 (decimal 260)
   defining Unicode char U+0105 (decimal 261)
   defining Unicode char U+0106 (decimal 262)
   defining Unicode char U+0107 (decimal 263)
   defining Unicode char U+010C (decimal 268)
   defining Unicode char U+010D (decimal 269)
   defining Unicode char U+010E (decimal 270)
   defining Unicode char U+010F (decimal 271)
   defining Unicode char U+0110 (decimal 272)
   defining Unicode char U+0111 (decimal 273)
   defining Unicode char U+0118 (decimal 280)
   defining Unicode char U+0119 (decimal 281)
   defining Unicode char U+011A (decimal 282)
   defining Unicode char U+011B (decimal 283)
   defining Unicode char U+011E (decimal 286)
   defining Unicode char U+011F (decimal 287)
   defining Unicode char U+0130 (decimal 304)
   defining Unicode char U+0131 (decimal 305)
   defining Unicode char U+0132 (decimal 306)
   defining Unicode char U+0133 (decimal 307)
   defining Unicode char U+0139 (decimal 313)
   defining Unicode char U+013A (decimal 314)
   defining Unicode char U+013D (decimal 317)
   defining Unicode char U+013E (decimal 318)
   defining Unicode char U+0141 (decimal 321)
   defining Unicode char U+0142 (decimal 322)
   defining Unicode char U+0143 (decimal 323)
   defining Unicode char U+0144 (decimal 324)
   defining Unicode char U+0147 (decimal 327)
   defining Unicode char U+0148 (decimal 328)
   defining Unicode char U+014A (decimal 330)
   defining Unicode char U+014B (decimal 331)
   defining Unicode char U+0150 (decimal 336)
   defining Unicode char U+0151 (decimal 337)
   defining Unicode char U+0152 (decimal 338)
   defining Unicode char U+0153 (decimal 339)
   defining Unicode char U+0154 (decimal 340)
   defining Unicode char U+0155 (decimal 341)
   defining Unicode char U+0158 (decimal 344)
   defining Unicode char U+0159 (decimal 345)
   defining Unicode char U+015A (decimal 346)
   defining Unicode char U+015B (decimal 347)
   defining Unicode char U+015E (decimal 350)
   defining Unicode char U+015F (decimal 351)
   defining Unicode char U+0160 (decimal 352)
   defining Unicode char U+0161 (decimal 353)
   defining Unicode char U+0162 (decimal 354)
   defining Unicode char U+0163 (decimal 355)
   defining Unicode char U+0164 (decimal 356)
   defining Unicode char U+0165 (decimal 357)
   defining Unicode char U+016E (decimal 366)
   defining Unicode char U+016F (decimal 367)
   defining Unicode char U+0170 (decimal 368)
   defining Unicode char U+0171 (decimal 369)
   defining Unicode char U+0178 (decimal 376)
   defining Unicode char U+0179 (decimal 377)
   defining Unicode char U+017A (decimal 378)
   defining Unicode char U+017B (decimal 379)
   defining Unicode char U+017C (decimal 380)
   defining Unicode char U+017D (decimal 381)
   defining Unicode char U+017E (decimal 382)
   defining Unicode char U+200C (decimal 8204)
   defining Unicode char U+2013 (decimal 8211)
   defining Unicode char U+2014 (decimal 8212)
   defining Unicode char U+2018 (decimal 8216)
   defining Unicode char U+2019 (decimal 8217)
   defining Unicode char U+201A (decimal 8218)
   defining Unicode char U+201C (decimal 8220)
   defining Unicode char U+201D (decimal 8221)
   defining Unicode char U+201E (decimal 8222)
   defining Unicode char U+2030 (decimal 8240)
   defining Unicode char U+2031 (decimal 8241)
   defining Unicode char U+2039 (decimal 8249)
   defining Unicode char U+203A (decimal 8250)
   defining Unicode char U+2423 (decimal 9251)
)
Now handling font encoding OT1 ...
... processing UTF-8 mapping file for font encoding OT1

(/opt/local/share/texmf-texlive-dist/tex/latex/base/ot1enc.dfu
File: ot1enc.dfu 2008/04/05 v1.1m UTF-8 support for inputenc
   defining Unicode char U+00A1 (decimal 161)
   defining Unicode char U+00A3 (decimal 163)
   defining Unicode char U+00B8 (decimal 184)
   defining Unicode char U+00BF (decimal 191)
   defining Unicode char U+00C5 (decimal 197)
   defining Unicode char U+00C6 (decimal 198)
   defining Unicode char U+00D8 (decimal 216)
   defining Unicode char U+00DF (decimal 223)
   defining Unicode char U+00E6 (decimal 230)
   defining Unicode char U+00EC (decimal 236)
   defining Unicode char U+00ED (decimal 237)
   defining Unicode char U+00EE (decimal 238)
   defining Unicode char U+00EF (decimal 239)
   defining Unicode char U+00F8 (decimal 248)
   defining Unicode char U+0131 (decimal 305)
   defining Unicode char U+0141 (decimal 321)
   defining Unicode char U+0142 (decimal 322)
   defining Unicode char U+0152 (decimal 338)
   defining Unicode char U+0153 (decimal 339)
   defining Unicode char U+2013 (decimal 8211)
   defining Unicode char U+2014 (decimal 8212)
   defining Unicode char U+2018 (decimal 8216)
   defining Unicode char U+2019 (decimal 8217)
   defining Unicode char U+201C (decimal 8220)
   defining Unicode char U+201D (decimal 8221)
)
Now handling font encoding OMS ...
... processing UTF-8 mapping file for font encoding OMS

(/opt/local/share/texmf-texlive-dist/tex/latex/base/omsenc.dfu
File: omsenc.dfu 2008/04/05 v1.1m UTF-8 support for inputenc
   defining Unicode char U+00A7 (decimal 167)
   defining Unicode char U+00B6 (decimal 182)
   defining Unicode char U+00B7 (decimal 183)
   defining Unicode char U+2020 (decimal 8224)
   defining Unicode char U+2021 (decimal 8225)
   defining Unicode char U+2022 (decimal 8226)
)
Now handling font encoding OMX ...
... no UTF-8 mapping file for font encoding OMX
Now handling font encoding U ...
... no UTF-8 mapping file for font encoding U
   defining Unicode char U+00A9 (decimal 169)
   defining Unicode char U+00AA (decimal 170)
   defining Unicode char U+00AE (decimal 174)
   defining Unicode char U+00BA (decimal 186)
   defining Unicode char U+02C6 (decimal 710)
   defining Unicode char U+02DC (decimal 732)
   defining Unicode char U+200C (decimal 8204)
   defining Unicode char U+2026 (decimal 8230)
   defining Unicode char U+2122 (decimal 8482)
   defining Unicode char U+2423 (decimal 9251)
))
(/opt/local/share/texmf-texlive-dist/tex/generic/babel/babel.sty
Package: babel 2008/07/08 v3.8m The Babel package

(/opt/local/share/texmf-texlive-dist/tex/generic/babel/spanish.ldf
Language: spanish.ldf 2011/10/06 v5.0k Spanish support from the babel system

(/opt/local/share/texmf-texlive-dist/tex/generic/babel/babel.def
File: babel.def 2008/07/08 v3.8m Babel common definitions
\babel@savecnt=\count88
\U@D=\dimen103
)
\es@datefmt=\count89
\es@quottoks=\toks16
\es@quotdepth=\count90
Package babel Info: Making " an active character on input line 496.
Package babel Info: Making . an active character on input line 599.
Package babel Info: Making < an active character on input line 644.
Package babel Info: Making > an active character on input line 644.
))
(/opt/local/share/texmf-texlive-dist/tex/latex/hyphenat/hyphenat.sty
Package: hyphenat 2009/09/02 v2.3c hyphenation utilities


Package hyphenat Warning: *******************************
(hyphenat)                * You have used the htt option.
(hyphenat)                * You are likely to get many Font Warning messages.
(hyphenat)                * These can usually be ignored.
(hyphenat)                *******************************.

\langwohyphens=\language21
LaTeX Info: Redefining \_ on input line 43.
) (./atbeginend.sty)
(/opt/local/share/texmf-texlive-dist/tex/latex/xifthen/xifthen.sty
Package: xifthen 2009/04/17 v1.3 Extended ifthen features

(/opt/local/share/texmf-texlive-dist/tex/latex/etex-pkg/etex.sty
Package: etex 1998/03/26 v2.0 eTeX basic definition package (PEB)
\et@xins=\count91
)
(/opt/local/share/texmf-texlive-dist/tex/latex/tools/calc.sty
Package: calc 2007/08/22 v4.3 Infix arithmetic (KKT,FJ)
\calc@Acount=\count92
\calc@Bcount=\count93
\calc@Adimen=\dimen104
\calc@Bdimen=\dimen105
\calc@Askip=\skip43
\calc@Bskip=\skip44
LaTeX Info: Redefining \setlength on input line 76.
LaTeX Info: Redefining \addtolength on input line 77.
\calc@Ccount=\count94
\calc@Cskip=\skip45
)
(/opt/local/share/texmf-texlive-dist/tex/latex/base/ifthen.sty
Package: ifthen 2001/05/26 v1.1c Standard LaTeX ifthen package (DPC)
)
(/opt/local/share/texmf-texlive-dist/tex/latex/ifmtarg/ifmtarg.sty
Package: ifmtarg 2009/09/02 v1.2a check for an empty argument
))
(/opt/local/share/texmf-texlive-dist/tex/latex/enumitem/enumitem.sty
Package: enumitem 2011/09/28 v3.5.2 Customized lists
\enitkv@toks@=\toks17
\labelindent=\skip46
\enit@outerparindent=\dimen106
\enit@toks=\toks18
\enit@inbox=\box26
\enitdp@description=\count95
)
\enitdp@definitionlist=\count96

(/opt/local/share/texmf-texlive-dist/tex/latex/geometry/geometry.sty
Package: geometry 2010/09/12 v5.6 Page Geometry

(/opt/local/share/texmf-texlive-dist/tex/latex/graphics/keyval.sty
Package: keyval 1999/03/16 v1.13 key=value parser (DPC)
\KV@toks@=\toks19
)
(/opt/local/share/texmf-texlive-dist/tex/generic/oberdiek/ifpdf.sty
Package: ifpdf 2011/01/30 v2.3 Provides the ifpdf switch (HO)
Package ifpdf Info: pdfTeX in PDF mode is detected.
)
(/opt/local/share/texmf-texlive-dist/tex/generic/oberdiek/ifvtex.sty
Package: ifvtex 2010/03/01 v1.5 Detect VTeX and its facilities (HO)
Package ifvtex Info: VTeX not detected.
)
(/opt/local/share/texmf-texlive-dist/tex/generic/ifxetex/ifxetex.sty
Package: ifxetex 2010/09/12 v0.6 Provides ifxetex conditional
)
\Gm@cnth=\count97
\Gm@cntv=\count98
\c@Gm@tempcnt=\count99
\Gm@bindingoffset=\dimen107
\Gm@wd@mp=\dimen108
\Gm@odd@mp=\dimen109
\Gm@even@mp=\dimen110
\Gm@layoutwidth=\dimen111
\Gm@layoutheight=\dimen112
\Gm@layouthoffset=\dimen113
\Gm@layoutvoffset=\dimen114
\Gm@dimlist=\toks20
)
(/opt/local/share/texmf-texlive-dist/tex/latex/setspace/setspace.sty
Package: setspace 2011/12/19 v6.7a set line spacing
)
(/opt/local/share/texmf-texlive-dist/tex/latex/graphics/graphicx.sty
Package: graphicx 1999/02/16 v1.0f Enhanced LaTeX Graphics (DPC,SPQR)

(/opt/local/share/texmf-texlive-dist/tex/latex/graphics/graphics.sty
Package: graphics 2009/02/05 v1.0o Standard LaTeX Graphics (DPC,SPQR)

(/opt/local/share/texmf-texlive-dist/tex/latex/graphics/trig.sty
Package: trig 1999/03/16 v1.09 sin cos tan (DPC)
)
(/opt/local/share/texmf-texlive-dist/tex/latex/latexconfig/graphics.cfg
File: graphics.cfg 2010/04/23 v1.9 graphics configuration of TeX Live
)
Package graphics Info: Driver file: pdftex.def on input line 91.

(/opt/local/share/texmf-texlive-dist/tex/latex/pdftex-def/pdftex.def
File: pdftex.def 2011/05/27 v0.06d Graphics/color for pdfTeX

(/opt/local/share/texmf-texlive-dist/tex/generic/oberdiek/infwarerr.sty
Package: infwarerr 2010/04/08 v1.3 Providing info/warning/error messages (HO)
)
(/opt/local/share/texmf-texlive-dist/tex/generic/oberdiek/ltxcmds.sty
Package: ltxcmds 2011/11/09 v1.22 LaTeX kernel commands for general use (HO)
)
\Gread@gobject=\count100
))
\Gin@req@height=\dimen115
\Gin@req@width=\dimen116
)
(/opt/local/share/texmf-texlive-dist/tex/latex/graphics/epsfig.sty
Package: epsfig 1999/02/16 v1.7a (e)psfig emulation (SPQR)
\epsfxsize=\dimen117
\epsfysize=\dimen118
)
(/opt/local/share/texmf-texlive-dist/tex/latex/xcolor/xcolor.sty
Package: xcolor 2007/01/21 v2.11 LaTeX color extensions (UK)

(/opt/local/share/texmf-texlive-dist/tex/latex/latexconfig/color.cfg
File: color.cfg 2007/01/18 v1.5 color configuration of teTeX/TeXLive
)
Package xcolor Info: Driver file: pdftex.def on input line 225.

(/opt/local/share/texmf-texlive-dist/tex/latex/colortbl/colortbl.sty
Package: colortbl 2012/02/13 v1.0a Color table columns (DPC)

(/opt/local/share/texmf-texlive-dist/tex/latex/tools/array.sty
Package: array 2008/09/09 v2.4c Tabular extension package (FMi)
\col@sep=\dimen119
\extrarowheight=\dimen120
\NC@list=\toks21
\extratabsurround=\skip47
\backup@length=\skip48
)
\everycr=\toks22
\minrowclearance=\skip49
)
\rownum=\count101
Package xcolor Info: Model `cmy' substituted by `cmy0' on input line 1337.
Package xcolor Info: Model `hsb' substituted by `rgb' on input line 1341.
Package xcolor Info: Model `RGB' extended on input line 1353.
Package xcolor Info: Model `HTML' substituted by `rgb' on input line 1355.
Package xcolor Info: Model `Hsb' substituted by `hsb' on input line 1356.
Package xcolor Info: Model `tHsb' substituted by `hsb' on input line 1357.
Package xcolor Info: Model `HSB' substituted by `hsb' on input line 1358.
Package xcolor Info: Model `Gray' substituted by `gray' on input line 1359.
Package xcolor Info: Model `wave' substituted by `hsb' on input line 1360.
)
(/opt/local/share/texmf-texlive-dist/tex/latex/booktabs/booktabs.sty
Package: booktabs 2005/04/14 v1.61803 publication quality tables
\heavyrulewidth=\dimen121
\lightrulewidth=\dimen122
\cmidrulewidth=\dimen123
\belowrulesep=\dimen124
\belowbottomsep=\dimen125
\aboverulesep=\dimen126
\abovetopsep=\dimen127
\cmidrulesep=\dimen128
\cmidrulekern=\dimen129
\defaultaddspace=\dimen130
\@cmidla=\count102
\@cmidlb=\count103
\@aboverulesep=\dimen131
\@belowrulesep=\dimen132
\@thisruleclass=\count104
\@lastruleclass=\count105
\@thisrulewidth=\dimen133
)
(/opt/local/share/texmf-texlive-dist/tex/latex/listings/listings.sty
\lst@mode=\count106
\lst@gtempboxa=\box27
\lst@token=\toks23
\lst@length=\count107
\lst@currlwidth=\dimen134
\lst@column=\count108
\lst@pos=\count109
\lst@lostspace=\dimen135
\lst@width=\dimen136
\lst@newlines=\count110
\lst@lineno=\count111
\lst@maxwidth=\dimen137

(/opt/local/share/texmf-texlive-dist/tex/latex/listings/lstmisc.sty
File: lstmisc.sty 2007/02/22 1.4 (Carsten Heinz)
\c@lstnumber=\count112
\lst@skipnumbers=\count113
\lst@framebox=\box28
)
(/opt/local/share/texmf-texlive-dist/tex/latex/listings/listings.cfg
File: listings.cfg 2007/02/22 1.4 listings configuration
))
Package: listings 2007/02/22 1.4 (Carsten Heinz)

(/opt/local/share/texmf-texlive-dist/tex/latex/acronym/acronym.sty
Package: acronym 2010/09/08 v1.36 Support for acronyms (Tobias Oetiker)

(/opt/local/share/texmf-texlive-dist/tex/latex/bigfoot/suffix.sty
Package: suffix 2006/07/15 1.5 Variant command support
)
\AC@clearlist=\toks24
)
(/opt/local/share/texmf-texlive-dist/tex/latex/hyperref/hyperref.sty
Package: hyperref 2012/05/13 v6.82q Hypertext links for LaTeX

(/opt/local/share/texmf-texlive-dist/tex/generic/oberdiek/hobsub-hyperref.sty
Package: hobsub-hyperref 2012/05/28 v1.13 Bundle oberdiek, subset hyperref (HO)


(/opt/local/share/texmf-texlive-dist/tex/generic/oberdiek/hobsub-generic.sty
Package: hobsub-generic 2012/05/28 v1.13 Bundle oberdiek, subset generic (HO)
Package: hobsub 2012/05/28 v1.13 Construct package bundles (HO)
Package hobsub Info: Skipping package `infwarerr' (already loaded).
Package hobsub Info: Skipping package `ltxcmds' (already loaded).
Package: ifluatex 2010/03/01 v1.3 Provides the ifluatex switch (HO)
Package ifluatex Info: LuaTeX not detected.
Package hobsub Info: Skipping package `ifvtex' (already loaded).
Package: intcalc 2007/09/27 v1.1 Expandable calculations with integers (HO)
Package hobsub Info: Skipping package `ifpdf' (already loaded).
Package: etexcmds 2011/02/16 v1.5 Avoid name clashes with e-TeX commands (HO)
Package etexcmds Info: Could not find \expanded.
(etexcmds)             That can mean that you are not using pdfTeX 1.50 or
(etexcmds)             that some package has redefined \expanded.
(etexcmds)             In the latter case, load this package earlier.
Package: kvsetkeys 2012/04/25 v1.16 Key value parser (HO)
Package: kvdefinekeys 2011/04/07 v1.3 Define keys (HO)
Package: pdftexcmds 2011/11/29 v0.20 Utility functions of pdfTeX for LuaTeX (HO
)
Package pdftexcmds Info: LuaTeX not detected.
Package pdftexcmds Info: \pdf@primitive is available.
Package pdftexcmds Info: \pdf@ifprimitive is available.
Package pdftexcmds Info: \pdfdraftmode found.
Package: pdfescape 2011/11/25 v1.13 Implements pdfTeX's escape features (HO)
Package: bigintcalc 2012/04/08 v1.3 Expandable calculations on big integers (HO
)
Package: bitset 2011/01/30 v1.1 Handle bit-vector datatype (HO)
Package: uniquecounter 2011/01/30 v1.2 Provide unlimited unique counter (HO)
)
Package hobsub Info: Skipping package `hobsub' (already loaded).
Package: letltxmacro 2010/09/02 v1.4 Let assignment for LaTeX macros (HO)
Package: hopatch 2012/05/28 v1.2 Wrapper for package hooks (HO)
Package: xcolor-patch 2011/01/30 xcolor patch
Package: atveryend 2011/06/30 v1.8 Hooks at the very end of document (HO)
Package atveryend Info: \enddocument detected (standard20110627).
Package: atbegshi 2011/10/05 v1.16 At begin shipout hook (HO)
Package: refcount 2011/10/16 v3.4 Data extraction from label references (HO)
Package: hycolor 2011/01/30 v1.7 Color options for hyperref/bookmark (HO)
)
(/opt/local/share/texmf-texlive-dist/tex/latex/oberdiek/kvoptions.sty
Package: kvoptions 2011/06/30 v3.11 Key value format for package options (HO)
)
\@linkdim=\dimen138
\Hy@linkcounter=\count114
\Hy@pagecounter=\count115

(/opt/local/share/texmf-texlive-dist/tex/latex/hyperref/pd1enc.def
File: pd1enc.def 2012/05/13 v6.82q Hyperref: PDFDocEncoding definition (HO)
Now handling font encoding PD1 ...
... no UTF-8 mapping file for font encoding PD1
)
\Hy@SavedSpaceFactor=\count116

(/opt/local/share/texmf-texlive-dist/tex/latex/latexconfig/hyperref.cfg
File: hyperref.cfg 2002/06/06 v1.2 hyperref configuration of TeXLive
)
Package hyperref Info: Option `bookmarks' set `true' on input line 3941.
Package hyperref Info: Option `hyperfootnotes' set `false' on input line 3941.
Package hyperref Info: Option `colorlinks' set `true' on input line 3941.


Package hyperref Warning: Option `pagecolor' is not available anymore.

Package hyperref Info: Hyper figures OFF on input line 4062.
Package hyperref Info: Link nesting OFF on input line 4067.
Package hyperref Info: Hyper index ON on input line 4070.
Package hyperref Info: Plain pages OFF on input line 4077.
Package hyperref Info: Backreferencing OFF on input line 4082.
Package hyperref Info: Implicit mode ON; LaTeX internals redefined.
Package hyperref Info: Bookmarks ON on input line 4300.
\c@Hy@tempcnt=\count117
(/opt/local/share/texmf-texlive-dist/tex/latex/url/url.sty
\Urlmuskip=\muskip10
Package: url 2006/04/12  ver 3.3  Verb mode for urls, etc.
)
LaTeX Info: Redefining \url on input line 4653.
\Fld@menulength=\count118
\Field@Width=\dimen139
\Fld@charsize=\dimen140
Package hyperref Info: Hyper figures OFF on input line 5773.
Package hyperref Info: Link nesting OFF on input line 5778.
Package hyperref Info: Hyper index ON on input line 5781.
Package hyperref Info: backreferencing OFF on input line 5788.
Package hyperref Info: Link coloring ON on input line 5791.
Package hyperref Info: Link coloring with OCG OFF on input line 5798.
Package hyperref Info: PDF/A mode OFF on input line 5803.
LaTeX Info: Redefining \ref on input line 5843.
LaTeX Info: Redefining \pageref on input line 5847.
\Hy@abspage=\count119
\c@Item=\count120
)

Package hyperref Message: Driver (autodetected): hpdftex.

(/opt/local/share/texmf-texlive-dist/tex/latex/hyperref/hpdftex.def
File: hpdftex.def 2012/05/13 v6.82q Hyperref driver for pdfTeX
\Fld@listcount=\count121
\c@bookmark@seq@number=\count122

(/opt/local/share/texmf-texlive-dist/tex/latex/oberdiek/rerunfilecheck.sty
Package: rerunfilecheck 2011/04/15 v1.7 Rerun checks for auxiliary files (HO)
Package uniquecounter Info: New unique counter `rerunfilecheck' on input line 2
82.
)
\Hy@SectionHShift=\skip50
)
(/opt/local/share/texmf-texlive-dist/tex/latex/tocbibind/tocbibind.sty
Package: tocbibind 2010/10/13 v1.5k extra ToC listings
Package tocbibind Info: The document has chapter divisions on input line 50.


Package tocbibind Note: Using chapter style headings, unless overridden.

) (/opt/local/share/texmf-texlive-dist/tex/latex/titlesec/titlesec.sty
Package: titlesec 2011/12/15 v2.10.0 Sectioning titles
\ttl@box=\box29
\beforetitleunit=\skip51
\aftertitleunit=\skip52
\ttl@plus=\dimen141
\ttl@minus=\dimen142
\ttl@toksa=\toks25
\titlewidth=\dimen143
\titlewidthlast=\dimen144
\titlewidthfirst=\dimen145
)
(/opt/local/share/texmf-texlive-dist/tex/latex/fancyhdr/fancyhdr.sty
\fancy@headwidth=\skip53
\f@ncyO@elh=\skip54
\f@ncyO@erh=\skip55
\f@ncyO@olh=\skip56
\f@ncyO@orh=\skip57
\f@ncyO@elf=\skip58
\f@ncyO@erf=\skip59
\f@ncyO@olf=\skip60
\f@ncyO@orf=\skip61
)
\myoffset=\skip62

(/opt/local/share/texmf-texlive-dist/tex/latex/relsize/relsize.sty
Package: relsize 2011/09/21 ver 4.0

Examine \normalsize starts \@setfontsize size may be \@xiipt. 
Examine \small starts \@setfontsize size may be \@xipt. 
Examine \footnotesize starts \@setfontsize size may be \@xpt. 
Examine \large starts \@setfontsize size may be \@xivpt. 
Examine \Large starts \@setfontsize size may be \@xviipt. 
Examine \LARGE starts \@setfontsize size may be \@xxpt. 
Examine \scriptsize starts \@setfontsize size may be \@viiipt. 
Examine \tiny starts \@setfontsize size may be \@vipt. 
Examine \huge starts \@setfontsize size may be \@xxvpt. 
Examine \Huge starts \@setfontsize size may be \@xxvpt. )
(/opt/local/share/texmf-texlive-dist/tex/latex/psnfss/pifont.sty
Package: pifont 2005/04/12 PSNFSS-v9.2a Pi font support (SPQR) 
LaTeX Font Info:    Try loading font information for U+pzd on input line 63.

(/opt/local/share/texmf-texlive-dist/tex/latex/psnfss/upzd.fd
File: upzd.fd 2001/06/04 font definitions for U/pzd.
)
LaTeX Font Info:    Try loading font information for U+psy on input line 64.

(/opt/local/share/texmf-texlive-dist/tex/latex/psnfss/upsy.fd
File: upsy.fd 2001/06/04 font definitions for U/psy.
))
(/opt/local/share/texmf-texlive-dist/tex/latex/tipa/tipa.sty
Package: tipa 2002/08/08 TIPA version 1.1

(/opt/local/share/texmf-texlive-dist/tex/latex/base/fontenc.sty
Package: fontenc 2005/09/27 v1.99g Standard LaTeX package

(/opt/local/share/texmf-texlive-dist/tex/latex/tipa/t3enc.def
File: t3enc.def 2001/12/31 T3 encoding
Now handling font encoding T3 ...
... no UTF-8 mapping file for font encoding T3
LaTeX Font Info:    Try loading font information for T1+lmss on input line 357.


(/opt/local/share/texmf-texlive-dist/tex/latex/lm/t1lmss.fd
File: t1lmss.fd 2009/10/30 v1.6 Font defs for Latin Modern
))
(/opt/local/share/texmf-texlive-dist/tex/latex/base/t1enc.def
File: t1enc.def 2005/09/27 v1.99g Standard LaTeX file
LaTeX Font Info:    Redeclaring font encoding T1 on input line 43.
)))
(/opt/local/share/texmf-texlive-dist/tex/latex/lettrine/lettrine.sty
File: lettrine.sty 2007/08/08 v1.62 (Daniel Flipo)
\c@DefaultLines=\count123
\DefaultFindent=\dimen146
\DefaultNindent=\dimen147
\DefaultSlope=\dimen148
\L@lbox=\box30
\L@tbox=\box31
\c@L@lines=\count124
\L@Pindent=\dimen149
\L@Findent=\dimen150
\L@Nindent=\dimen151
\L@lraise=\dimen152
\L@first=\dimen153
\L@next=\dimen154
\L@slope=\dimen155
\L@height=\dimen156
\LettrineWidth=\dimen157

Loading lettrine.cfg
(/opt/local/share/texmf-texlive-dist/tex/latex/lettrine/lettrine.cfg)))
(./custom.sty
(/opt/local/share/texmf-texlive-dist/tex/latex/listings/lstlang1.sty
File: lstlang1.sty 2004/09/05 1.3 listings language file
)
(/opt/local/share/texmf-texlive-dist/tex/latex/listings/lstmisc.sty
File: lstmisc.sty 2007/02/22 1.4 (Carsten Heinz)
))
(/opt/local/share/texmf-texlive-dist/tex/latex/float/float.sty
Package: float 2001/11/08 v1.3d Float enhancements (AL)
\c@float@type=\count125
\float@exts=\toks26
\float@box=\box32
\@float@everytoks=\toks27
\@floatcapt=\box33
)
(/opt/local/share/texmf-texlive-dist/tex/latex/rotating/rotating.sty
Package: rotating 2009/03/28 v2.16a rotated objects in LaTeX
\c@r@tfl@t=\count126
\rotFPtop=\skip63
\rotFPbot=\skip64
\rot@float@box=\box34
\rot@mess@toks=\toks28
)
(/opt/local/share/texmf-texlive-dist/tex/latex/multirow/multirow.sty
\bigstrutjot=\dimen158
)
(/opt/local/share/texmf-texlive-dist/tex/latex/tools/multicol.sty
Package: multicol 2011/06/27 v1.7a multicolumn formatting (FMi)
\c@tracingmulticols=\count127
\mult@box=\box35
\multicol@leftmargin=\dimen159
\c@unbalance=\count128
\c@collectmore=\count129
\doublecol@number=\count130
\multicoltolerance=\count131
\multicolpretolerance=\count132
\full@width=\dimen160
\page@free=\dimen161
\premulticols=\dimen162
\postmulticols=\dimen163
\multicolsep=\skip65
\multicolbaselineskip=\skip66
\partial@page=\box36
\last@line=\box37
\mult@rightbox=\box38
\mult@grightbox=\box39
\mult@gfirstbox=\box40
\mult@firstbox=\box41
\@tempa=\box42
\@tempa=\box43
\@tempa=\box44
\@tempa=\box45
\@tempa=\box46
\@tempa=\box47
\@tempa=\box48
\@tempa=\box49
\@tempa=\box50
\@tempa=\box51
\@tempa=\box52
\@tempa=\box53
\@tempa=\box54
\@tempa=\box55
\@tempa=\box56
\@tempa=\box57
\@tempa=\box58
\c@columnbadness=\count133
\c@finalcolumnbadness=\count134
\last@try=\dimen164
\multicolovershoot=\dimen165
\multicolundershoot=\dimen166
\mult@nat@firstbox=\box59
\colbreak@box=\box60
\multicol@sort@counter=\count135
)
(./progressbar.sty
Package: progressbar 2013/01/06 v1.0b\unhbox \voidb@x \penalty \@M \ 3: progres
sbar
 (/opt/local/share/texmf/tex/latex/pgf/frontendlayer/tikz.sty (/opt/local/share
/texmf/tex/latex/pgf/basiclayer/pgf.sty
(/opt/local/share/texmf/tex/latex/pgf/utilities/pgfrcs.sty
(/opt/local/share/texmf/tex/generic/pgf/utilities/pgfutil-common.tex
\pgfutil@everybye=\toks29
)
(/opt/local/share/texmf/tex/generic/pgf/utilities/pgfutil-latex.def
\pgfutil@abb=\box61

(/opt/local/share/texmf-texlive-dist/tex/latex/ms/everyshi.sty
Package: everyshi 2001/05/15 v3.00 EveryShipout Package (MS)
))
(/opt/local/share/texmf/tex/generic/pgf/utilities/pgfrcs.code.tex
Package: pgfrcs 2010/10/25 v2.10 (rcs-revision 1.24)
))
Package: pgf 2008/01/15 v2.10 (rcs-revision 1.12)

(/opt/local/share/texmf/tex/latex/pgf/basiclayer/pgfcore.sty
(/opt/local/share/texmf/tex/latex/pgf/systemlayer/pgfsys.sty
(/opt/local/share/texmf/tex/generic/pgf/systemlayer/pgfsys.code.tex
Package: pgfsys 2010/06/30 v2.10 (rcs-revision 1.37)

(/opt/local/share/texmf/tex/generic/pgf/utilities/pgfkeys.code.tex
\pgfkeys@pathtoks=\toks30
\pgfkeys@temptoks=\toks31

(/opt/local/share/texmf/tex/generic/pgf/utilities/pgfkeysfiltered.code.tex
\pgfkeys@tmptoks=\toks32
))
\pgf@x=\dimen167
\pgf@y=\dimen168
\pgf@xa=\dimen169
\pgf@ya=\dimen170
\pgf@xb=\dimen171
\pgf@yb=\dimen172
\pgf@xc=\dimen173
\pgf@yc=\dimen174
\w@pgf@writea=\write3
\r@pgf@reada=\read1
\c@pgf@counta=\count136
\c@pgf@countb=\count137
\c@pgf@countc=\count138
\c@pgf@countd=\count139

(/opt/local/share/texmf/tex/generic/pgf/systemlayer/pgf.cfg
File: pgf.cfg 2008/05/14  (rcs-revision 1.7)
)
Package pgfsys Info: Driver file for pgf: pgfsys-pdftex.def on input line 900.

(/opt/local/share/texmf/tex/generic/pgf/systemlayer/pgfsys-pdftex.def
File: pgfsys-pdftex.def 2009/05/22  (rcs-revision 1.26)

(/opt/local/share/texmf/tex/generic/pgf/systemlayer/pgfsys-common-pdf.def
File: pgfsys-common-pdf.def 2008/05/19  (rcs-revision 1.10)
)))
(/opt/local/share/texmf/tex/generic/pgf/systemlayer/pgfsyssoftpath.code.tex
File: pgfsyssoftpath.code.tex 2008/07/18  (rcs-revision 1.7)
\pgfsyssoftpath@smallbuffer@items=\count140
\pgfsyssoftpath@bigbuffer@items=\count141
)
(/opt/local/share/texmf/tex/generic/pgf/systemlayer/pgfsysprotocol.code.tex
File: pgfsysprotocol.code.tex 2006/10/16  (rcs-revision 1.4)
))
(/opt/local/share/texmf/tex/generic/pgf/basiclayer/pgfcore.code.tex
Package: pgfcore 2010/04/11 v2.10 (rcs-revision 1.7)

(/opt/local/share/texmf/tex/generic/pgf/math/pgfmath.code.tex
(/opt/local/share/texmf/tex/generic/pgf/math/pgfmathcalc.code.tex
(/opt/local/share/texmf/tex/generic/pgf/math/pgfmathutil.code.tex)
(/opt/local/share/texmf/tex/generic/pgf/math/pgfmathparser.code.tex
\pgfmath@dimen=\dimen175
\pgfmath@count=\count142
\pgfmath@box=\box62
\pgfmath@toks=\toks33
\pgfmath@stack@operand=\toks34
\pgfmath@stack@operation=\toks35
)
(/opt/local/share/texmf/tex/generic/pgf/math/pgfmathfunctions.code.tex
(/opt/local/share/texmf/tex/generic/pgf/math/pgfmathfunctions.basic.code.tex)
(/opt/local/share/texmf/tex/generic/pgf/math/pgfmathfunctions.trigonometric.cod
e.tex)
(/opt/local/share/texmf/tex/generic/pgf/math/pgfmathfunctions.random.code.tex)
(/opt/local/share/texmf/tex/generic/pgf/math/pgfmathfunctions.comparison.code.t
ex) (/opt/local/share/texmf/tex/generic/pgf/math/pgfmathfunctions.base.code.tex
) (/opt/local/share/texmf/tex/generic/pgf/math/pgfmathfunctions.round.code.tex)
(/opt/local/share/texmf/tex/generic/pgf/math/pgfmathfunctions.misc.code.tex)))
(/opt/local/share/texmf/tex/generic/pgf/math/pgfmathfloat.code.tex
\c@pgfmathroundto@lastzeros=\count143
))
(/opt/local/share/texmf/tex/generic/pgf/basiclayer/pgfcorepoints.code.tex
File: pgfcorepoints.code.tex 2010/04/09  (rcs-revision 1.20)
\pgf@picminx=\dimen176
\pgf@picmaxx=\dimen177
\pgf@picminy=\dimen178
\pgf@picmaxy=\dimen179
\pgf@pathminx=\dimen180
\pgf@pathmaxx=\dimen181
\pgf@pathminy=\dimen182
\pgf@pathmaxy=\dimen183
\pgf@xx=\dimen184
\pgf@xy=\dimen185
\pgf@yx=\dimen186
\pgf@yy=\dimen187
\pgf@zx=\dimen188
\pgf@zy=\dimen189
)
(/opt/local/share/texmf/tex/generic/pgf/basiclayer/pgfcorepathconstruct.code.te
x
File: pgfcorepathconstruct.code.tex 2010/08/03  (rcs-revision 1.24)
\pgf@path@lastx=\dimen190
\pgf@path@lasty=\dimen191
) (/opt/local/share/texmf/tex/generic/pgf/basiclayer/pgfcorepathusage.code.tex
File: pgfcorepathusage.code.tex 2008/04/22  (rcs-revision 1.12)
\pgf@shorten@end@additional=\dimen192
\pgf@shorten@start@additional=\dimen193
) (/opt/local/share/texmf/tex/generic/pgf/basiclayer/pgfcorescopes.code.tex
File: pgfcorescopes.code.tex 2010/09/08  (rcs-revision 1.34)
\pgfpic=\box63
\pgf@hbox=\box64
\pgf@layerbox@main=\box65
\pgf@picture@serial@count=\count144
)
(/opt/local/share/texmf/tex/generic/pgf/basiclayer/pgfcoregraphicstate.code.tex
File: pgfcoregraphicstate.code.tex 2008/04/22  (rcs-revision 1.9)
\pgflinewidth=\dimen194
)
(/opt/local/share/texmf/tex/generic/pgf/basiclayer/pgfcoretransformations.code.
tex
File: pgfcoretransformations.code.tex 2009/06/10  (rcs-revision 1.11)
\pgf@pt@x=\dimen195
\pgf@pt@y=\dimen196
\pgf@pt@temp=\dimen197
) (/opt/local/share/texmf/tex/generic/pgf/basiclayer/pgfcorequick.code.tex
File: pgfcorequick.code.tex 2008/10/09  (rcs-revision 1.3)
)
(/opt/local/share/texmf/tex/generic/pgf/basiclayer/pgfcoreobjects.code.tex
File: pgfcoreobjects.code.tex 2006/10/11  (rcs-revision 1.2)
)
(/opt/local/share/texmf/tex/generic/pgf/basiclayer/pgfcorepathprocessing.code.t
ex
File: pgfcorepathprocessing.code.tex 2008/10/09  (rcs-revision 1.8)
) (/opt/local/share/texmf/tex/generic/pgf/basiclayer/pgfcorearrows.code.tex
File: pgfcorearrows.code.tex 2008/04/23  (rcs-revision 1.11)
)
(/opt/local/share/texmf/tex/generic/pgf/basiclayer/pgfcoreshade.code.tex
File: pgfcoreshade.code.tex 2008/11/23  (rcs-revision 1.13)
\pgf@max=\dimen198
\pgf@sys@shading@range@num=\count145
)
(/opt/local/share/texmf/tex/generic/pgf/basiclayer/pgfcoreimage.code.tex
File: pgfcoreimage.code.tex 2010/03/25  (rcs-revision 1.16)

(/opt/local/share/texmf/tex/generic/pgf/basiclayer/pgfcoreexternal.code.tex
File: pgfcoreexternal.code.tex 2010/09/01  (rcs-revision 1.17)
\pgfexternal@startupbox=\box66
))
(/opt/local/share/texmf/tex/generic/pgf/basiclayer/pgfcorelayers.code.tex
File: pgfcorelayers.code.tex 2010/08/27  (rcs-revision 1.2)
)
(/opt/local/share/texmf/tex/generic/pgf/basiclayer/pgfcoretransparency.code.tex
File: pgfcoretransparency.code.tex 2008/01/17  (rcs-revision 1.2)
) (/opt/local/share/texmf/tex/generic/pgf/basiclayer/pgfcorepatterns.code.tex
File: pgfcorepatterns.code.tex 2009/07/02  (rcs-revision 1.3)
))) (/opt/local/share/texmf/tex/generic/pgf/modules/pgfmoduleshapes.code.tex
File: pgfmoduleshapes.code.tex 2010/09/09  (rcs-revision 1.13)
\pgfnodeparttextbox=\box67
)
(/opt/local/share/texmf/tex/generic/pgf/modules/pgfmoduleplot.code.tex
File: pgfmoduleplot.code.tex 2010/10/22  (rcs-revision 1.8)
)
(/opt/local/share/texmf/tex/latex/pgf/compatibility/pgfcomp-version-0-65.sty
Package: pgfcomp-version-0-65 2007/07/03 v2.10 (rcs-revision 1.7)
\pgf@nodesepstart=\dimen199
\pgf@nodesepend=\dimen200
)
(/opt/local/share/texmf/tex/latex/pgf/compatibility/pgfcomp-version-1-18.sty
Package: pgfcomp-version-1-18 2007/07/23 v2.10 (rcs-revision 1.1)
))
(/opt/local/share/texmf/tex/latex/pgf/utilities/pgffor.sty
(/opt/local/share/texmf/tex/latex/pgf/utilities/pgfkeys.sty
(/opt/local/share/texmf/tex/generic/pgf/utilities/pgfkeys.code.tex))
(/opt/local/share/texmf/tex/generic/pgf/utilities/pgffor.code.tex
Package: pgffor 2010/03/23 v2.10 (rcs-revision 1.18)
\pgffor@iter=\dimen201
\pgffor@skip=\dimen202
\pgffor@stack=\toks36
\pgffor@toks=\toks37
))
(/opt/local/share/texmf/tex/generic/pgf/frontendlayer/tikz/tikz.code.tex
Package: tikz 2010/10/13 v2.10 (rcs-revision 1.76)

(/opt/local/share/texmf/tex/generic/pgf/libraries/pgflibraryplothandlers.code.t
ex
File: pgflibraryplothandlers.code.tex 2010/05/31 v2.10 (rcs-revision 1.15)
\pgf@plot@mark@count=\count146
\pgfplotmarksize=\dimen203
)
\tikz@lastx=\dimen204
\tikz@lasty=\dimen205
\tikz@lastxsaved=\dimen206
\tikz@lastysaved=\dimen207
\tikzleveldistance=\dimen208
\tikzsiblingdistance=\dimen209
\tikz@figbox=\box68
\tikz@tempbox=\box69
\tikztreelevel=\count147
\tikznumberofchildren=\count148
\tikznumberofcurrentchild=\count149
\tikz@fig@count=\count150
 (/opt/local/share/texmf/tex/generic/pgf/modules/pgfmodulematrix.code.tex
File: pgfmodulematrix.code.tex 2010/08/24  (rcs-revision 1.4)
\pgfmatrixcurrentrow=\count151
\pgfmatrixcurrentcolumn=\count152
\pgf@matrix@numberofcolumns=\count153
)
\tikz@expandcount=\count154

(/opt/local/share/texmf/tex/generic/pgf/frontendlayer/tikz/libraries/tikzlibrar
ytopaths.code.tex
File: tikzlibrarytopaths.code.tex 2008/06/17 v2.10 (rcs-revision 1.2)
)))

LaTeX Warning: You have requested, on input line 28, version
               `2011/08/03' of package kvoptions,
               but only version
               `2011/06/30 v3.11 Key value format for package options (HO)'
               is available.

\BarWidth=\skip67
\BarWidthCenter=\skip68
\BarHeight=\skip69
\BarHeightCenter=\skip70
\BarBorderWidth=\skip71
\BarRoundedCorners=\skip72
\BarPartWidth=\skip73
\BarSubDivisionsWidthANU=\skip74
\BarSubDivisionsWidthBNU=\skip75
\BarSubDivisionsWidthCNU=\skip76
\c@progressbar@counter=\count155
) (/opt/local/share/texmf-texlive-dist/tex/latex/base/makeidx.sty
Package: makeidx 2000/03/29 v1.0m Standard LaTeX package
)
\@indexfile=\write4
\openout4 = `main.idx'.


Writing index file main.idx
(./metadata.tex) (./main.aux
LaTeX Info: Redefining \. on input line 23.
LaTeX Info: Redefining \% on input line 23.
)
\openout1 = `main.aux'.

LaTeX Font Info:    Checking defaults for OML/cmm/m/it on input line 32.
LaTeX Font Info:    ... okay on input line 32.
LaTeX Font Info:    Checking defaults for T1/cmr/m/n on input line 32.
LaTeX Font Info:    ... okay on input line 32.
LaTeX Font Info:    Checking defaults for OT1/cmr/m/n on input line 32.
LaTeX Font Info:    ... okay on input line 32.
LaTeX Font Info:    Checking defaults for OMS/cmsy/m/n on input line 32.
LaTeX Font Info:    ... okay on input line 32.
LaTeX Font Info:    Checking defaults for OMX/cmex/m/n on input line 32.
LaTeX Font Info:    ... okay on input line 32.
LaTeX Font Info:    Checking defaults for U/cmr/m/n on input line 32.
LaTeX Font Info:    ... okay on input line 32.
LaTeX Font Info:    Checking defaults for PD1/pdf/m/n on input line 32.
LaTeX Font Info:    ... okay on input line 32.
LaTeX Font Info:    Checking defaults for T3/cmr/m/n on input line 32.
LaTeX Font Info:    Try loading font information for T3+cmr on input line 32.

(/opt/local/share/texmf-texlive-dist/tex/latex/tipa/t3cmr.fd
File: t3cmr.fd 2001/12/31 TIPA font definitions
)
LaTeX Font Info:    ... okay on input line 32.
LaTeX Font Info:    Try loading font information for T1+ptm on input line 32.

(/opt/local/share/texmf-texlive-dist/tex/latex/psnfss/t1ptm.fd
File: t1ptm.fd 2001/06/04 font definitions for T1/ptm.
)
LaTeX Info: Redefining \. on input line 32.
LaTeX Info: Redefining \% on input line 32.
LaTeX Font Info:    Try loading font information for T1+lmtt on input line 32.

(/opt/local/share/texmf-texlive-dist/tex/latex/lm/t1lmtt.fd
File: t1lmtt.fd 2009/10/30 v1.6 Font defs for Latin Modern
)

LaTeX Font Warning: Font shape `T1/lmtt/b/it' in size <12> not available
(Font)              Font shape `T1/lmtt/b/sl' tried instead on input line 32.


LaTeX Font Warning: Font shape `T1/lmtt/b/sc' undefined
(Font)              using `T1/lmtt/b/n' instead on input line 32.

LaTeX Font Info:    Font shape `T1/lmtt/bx/n' in size <12> not available
(Font)              Font shape `T1/lmtt/b/n' tried instead on input line 32.

LaTeX Font Warning: Font shape `T1/lmtt/bx/it' in size <12> not available
(Font)              Font shape `T1/lmtt/b/sl' tried instead on input line 32.

LaTeX Font Info:    Font shape `T1/lmtt/bx/sl' in size <12> not available
(Font)              Font shape `T1/lmtt/b/sl' tried instead on input line 32.

LaTeX Font Warning: Font shape `T1/lmtt/bx/sc' undefined
(Font)              using `T1/lmtt/bx/n' instead on input line 32.


LaTeX Font Warning: Font shape `T1/lmtt/sb/n' undefined
(Font)              using `T1/lmtt/m/n' instead on input line 32.


LaTeX Font Warning: Font shape `T1/lmtt/sb/it' undefined
(Font)              using `T1/lmtt/sb/n' instead on input line 32.


LaTeX Font Warning: Font shape `T1/lmtt/sb/sl' undefined
(Font)              using `T1/lmtt/sb/n' instead on input line 32.


LaTeX Font Warning: Font shape `T1/lmtt/sb/sc' undefined
(Font)              using `T1/lmtt/sb/n' instead on input line 32.


LaTeX Font Warning: Font shape `T1/lmtt/c/n' undefined
(Font)              using `T1/lmtt/m/n' instead on input line 32.


LaTeX Font Warning: Font shape `T1/lmtt/c/it' undefined
(Font)              using `T1/lmtt/c/n' instead on input line 32.


LaTeX Font Warning: Font shape `T1/lmtt/c/sl' undefined
(Font)              using `T1/lmtt/c/n' instead on input line 32.


LaTeX Font Warning: Font shape `T1/lmtt/c/sc' undefined
(Font)              using `T1/lmtt/c/n' instead on input line 32.


LaTeX Font Warning: Font shape `T1/lmtt/l/it' in size <12> not available
(Font)              Font shape `T1/lmtt/l/sl' tried instead on input line 32.


LaTeX Font Warning: Font shape `T1/lmtt/l/sc' undefined
(Font)              using `T1/lmtt/l/n' instead on input line 32.


LaTeX Font Warning: Font shape `T1/lmtt/m/ui' undefined
(Font)              using `T1/lmtt/m/n' instead on input line 32.


LaTeX Font Warning: Font shape `T1/lmtt/bx/ui' undefined
(Font)              using `T1/lmtt/bx/n' instead on input line 32.


LaTeX Font Warning: Font shape `T1/lmtt/m/In' undefined
(Font)              using `T1/lmtt/m/n' instead on input line 32.

*geometry* driver: auto-detecting
*geometry* detected driver: pdftex
*geometry* verbose mode - [ preamble ] result:
* driver: pdftex
* paper: <default>
* layout: <same size as paper>
* layoutoffset:(h,v)=(0.0pt,0.0pt)
* modes: twoside 
* h-part:(L,W,R)=(99.58464pt, 441.01773pt, 56.9055pt)
* v-part:(T,H,B)=(71.13188pt, 702.78308pt, 71.13188pt)
* \paperwidth=597.50787pt
* \paperheight=845.04684pt
* \textwidth=441.01773pt
* \textheight=702.78308pt
* \oddsidemargin=27.31465pt
* \evensidemargin=-15.36449pt
* \topmargin=-33.0119pt
* \headheight=13.0pt
* \headsep=19.8738pt
* \topskip=12.0pt
* \footskip=38.0pt
* \marginparwidth=88.0pt
* \marginparsep=7.0pt
* \columnsep=10.0pt
* \skip\footins=10.8pt plus 4.0pt minus 2.0pt
* \hoffset=0.0pt
* \voffset=0.0pt
* \mag=1000
* \@twocolumnfalse
* \@twosidetrue
* \@mparswitchtrue
* \@reversemarginfalse
* (1in=72.27pt=25.4mm, 1cm=28.453pt)

(/opt/local/share/texmf-texlive-dist/tex/context/base/supp-pdf.mkii
[Loading MPS to PDF converter (version 2006.09.02).]
\scratchcounter=\count156
\scratchdimen=\dimen210
\scratchbox=\box70
\nofMPsegments=\count157
\nofMParguments=\count158
\everyMPshowfont=\toks38
\MPscratchCnt=\count159
\MPscratchDim=\dimen211
\MPnumerator=\count160
\makeMPintoPDFobject=\count161
\everyMPtoPDFconversion=\toks39
) (/opt/local/share/texmf-texlive-dist/tex/latex/oberdiek/epstopdf-base.sty
Package: epstopdf-base 2010/02/09 v2.5 Base part for package epstopdf

(/opt/local/share/texmf-texlive-dist/tex/latex/oberdiek/grfext.sty
Package: grfext 2010/08/19 v1.1 Manage graphics extensions (HO)
)
Package grfext Info: Graphics extension search list:
(grfext)             [.png,.pdf,.jpg,.mps,.jpeg,.jbig2,.jb2,.PNG,.PDF,.JPG,.JPE
G,.JBIG2,.JB2,.eps]
(grfext)             \AppendGraphicsExtensions on input line 452.

(/opt/local/share/texmf-texlive-dist/tex/latex/latexconfig/epstopdf-sys.cfg
File: epstopdf-sys.cfg 2010/07/13 v1.3 Configuration of (r)epstopdf for TeX Liv
e
))
\c@lstlisting=\count162
\AtBeginShipoutBox=\box71
Package hyperref Info: Link coloring ON on input line 32.

(/opt/local/share/texmf-texlive-dist/tex/latex/hyperref/nameref.sty
Package: nameref 2010/04/30 v2.40 Cross-referencing by name of section

(/opt/local/share/texmf-texlive-dist/tex/generic/oberdiek/gettitlestring.sty
Package: gettitlestring 2010/12/03 v1.4 Cleanup title references (HO)
)
\c@section@level=\count163
)
LaTeX Info: Redefining \ref on input line 32.
LaTeX Info: Redefining \pageref on input line 32.
LaTeX Info: Redefining \nameref on input line 32.

(./main.out) (./main.out)
\@outlinefile=\write5
\openout5 = `main.out'.

 ABD: EveryShipout initializing macros [1


{/opt/local/var/db/texmf/fonts/map/pdftex/updmap/pdftex.map}] [2

]
<images/emblema_informatica-gray.pdf, id=562, 618.1504pt x 737.155pt>
File: images/emblema_informatica-gray.pdf Graphic file (type pdf)

<use images/emblema_informatica-gray.pdf>
Package pdftex.def Info: images/emblema_informatica-gray.pdf used on input line
 37.
(pdftex.def)             Requested size: 99.58464pt x 118.74582pt.
LaTeX Font Info:    Font shape `T1/ptm/bx/n' in size <17.28> not available
(Font)              Font shape `T1/ptm/b/n' tried instead on input line 37.
LaTeX Font Info:    Font shape `T1/ptm/bx/n' in size <14.4> not available
(Font)              Font shape `T1/ptm/b/n' tried instead on input line 37.
 [3 <./images/emblema_informatica-gray.pdf>] [4

]
File: images/emblema_informatica-gray.pdf Graphic file (type pdf)
 <use images/emblema_informatica-gray.pdf>
Package pdftex.def Info: images/emblema_informatica-gray.pdf used on input line
 37.
(pdftex.def)             Requested size: 99.58464pt x 118.74582pt.
 [5] [6

]
LaTeX Font Info:    Font shape `T1/ptm/bx/n' in size <12> not available
(Font)              Font shape `T1/ptm/b/n' tried instead on input line 38.
LaTeX Font Info:    External font `cmex10' loaded for size
(Font)              <12> on input line 38.
LaTeX Font Info:    External font `cmex10' loaded for size
(Font)              <8> on input line 38.
LaTeX Font Info:    External font `cmex10' loaded for size
(Font)              <6> on input line 38.
LaTeX Font Info:    Try loading font information for OMS+ptm on input line 38.

(/opt/local/share/texmf-texlive-dist/tex/latex/psnfss/omsptm.fd
File: omsptm.fd 
)
LaTeX Font Info:    Font shape `OMS/ptm/m/n' in size <12> not available
(Font)              Font shape `OMS/cmsy/m/n' tried instead on input line 38.
LaTeX Font Info:    External font `cmex10' loaded for size
(Font)              <7> on input line 38.
LaTeX Font Info:    External font `cmex10' loaded for size
(Font)              <5> on input line 38.

Overfull \hbox (35.28369pt too wide) in paragraph at lines 38--38
[]$[]$  
 []

[7] [8

]
Underfull \hbox (badness 10000) in paragraph at lines 40--40

 []


Underfull \hbox (badness 10000) in paragraph at lines 40--40

 []


Underfull \hbox (badness 10000) in paragraph at lines 40--40

 []


Underfull \hbox (badness 10000) in paragraph at lines 40--40

 []

(./chapters/resumen.tex [9] [10

]) [11] [12

] (./main.toc
LaTeX Info: Redefining \. on input line 1.
LaTeX Info: Redefining \% on input line 1.
LaTeX Font Info:    Font shape `T1/ptm/bx/sc' in size <12> not available
(Font)              Font shape `T1/ptm/b/sc' tried instead on input line 2.
 [13] [14] [15] [16])
\tf@toc=\write6
\openout6 = `main.toc'.


[17] [18

] (./main.lot
LaTeX Info: Redefining \. on input line 1.
LaTeX Info: Redefining \% on input line 1.
)
\tf@lot=\write7
\openout7 = `main.lot'.

 [19] [20

] (./main.lof
LaTeX Info: Redefining \. on input line 1.
LaTeX Info: Redefining \% on input line 1.

! Missing control sequence inserted.
<inserted text> 
                \inaccessible 
l.9 ...served@d =[\def {\@@par }}}{12}{figure.3.1}
                                                  
Please don't say `\def cs{...}', say `\def\cs{...}'.
I've inserted an inaccessible control sequence so that your
definition will be completed without mixing me up too badly.
You can recover graciously from this error, if you're
careful; see exercise 27.2 in The TeXbook.

! Missing control sequence inserted.
<inserted text> 
                \inaccessible 
l.10 ...erved@d =[\def {\@@par }}}{13}{figure.3.2}
                                                  
Please don't say `\def cs{...}', say `\def\cs{...}'.
I've inserted an inaccessible control sequence so that your
definition will be completed without mixing me up too badly.
You can recover graciously from this error, if you're
careful; see exercise 27.2 in The TeXbook.

[21] [22])
\tf@lof=\write8
\openout8 = `main.lof'.

 [23] [24

] (./main.lol)
\tf@lol=\write9
\openout9 = `main.lol'.

 (./chapters/acro.tex [25] [26

]
LaTeX Font Info:    Font shape `T1/ptm/bx/n' in size <10.95> not available
(Font)              Font shape `T1/ptm/b/n' tried instead on input line 7.


LaTeX Font Warning: Font shape `T1/lmss/bx/sc' undefined
(Font)              using `T1/lmss/bx/n' instead on input line 11.

[27]) (./chapters/thanks.tex [28]) [29

] [30

] [31] [32

] (./chapters/intro.tex
Cap\'{\i }tulo 1.

Underfull \vbox (badness 10000) has occurred while \output is active []

 [1




]
<images/lobulos.jpg, id=1068, 552.0625pt x 516.93124pt>
File: images/lobulos.jpg Graphic file (type jpg)

<use images/lobulos.jpg>
Package pdftex.def Info: images/lobulos.jpg used on input line 23.
(pdftex.def)             Requested size: 276.03056pt x 258.46498pt.
LaTeX Info: Redefining \. on input line 42.
LaTeX Info: Redefining \% on input line 42.


Package Fancyhdr Warning: \headheight is too small (13.0pt): 
 Make it at least 14.49998pt.
 We now make it that large for the rest of the document.
 This may cause the page layout to be inconsistent, however.

[2pdfTeX warning (ext4): destination with the same identifier (name{figure.1.1}
) has been already used, duplicate ignored

\AtBegShi@Output ...ipout \box \AtBeginShipoutBox 
                                                  \fi \fi 
l.42 
      <./images/lobulos.jpg>]
LaTeX Info: Redefining \. on input line 66.
LaTeX Info: Redefining \% on input line 66.


Package Fancyhdr Warning: \headheight is too small (13.0pt): 
 Make it at least 14.49998pt.
 We now make it that large for the rest of the document.
 This may cause the page layout to be inconsistent, however.

[3]
LaTeX Info: Redefining \. on input line 84.
LaTeX Info: Redefining \% on input line 84.


Package Fancyhdr Warning: \headheight is too small (13.0pt): 
 Make it at least 14.49998pt.
 We now make it that large for the rest of the document.
 This may cause the page layout to be inconsistent, however.

[4]) (./chapters/objetivos.tex
LaTeX Info: Redefining \. on input line 1.
LaTeX Info: Redefining \% on input line 1.


Package Fancyhdr Warning: \headheight is too small (13.0pt): 
 Make it at least 14.49998pt.
 We now make it that large for the rest of the document.
 This may cause the page layout to be inconsistent, however.

[5] [6

]
Cap\'{\i }tulo 2.
[7]
Package acronym Info: Label `acro:KDD' newly defined as it shall be overridden
although it is yet undefined on input line 28.
LaTeX Info: Redefining \. on input line 38.
LaTeX Info: Redefining \% on input line 38.


Package Fancyhdr Warning: \headheight is too small (13.0pt): 
 Make it at least 14.49998pt.
 We now make it that large for the rest of the document.
 This may cause the page layout to be inconsistent, however.

[8]
LaTeX Info: Redefining \. on input line 64.
LaTeX Info: Redefining \% on input line 64.


Package Fancyhdr Warning: \headheight is too small (13.0pt): 
 Make it at least 14.49998pt.
 We now make it that large for the rest of the document.
 This may cause the page layout to be inconsistent, however.

[9]) (./chapters/antecedentes.tex
LaTeX Info: Redefining \. on input line 1.
LaTeX Info: Redefining \% on input line 1.


Package Fancyhdr Warning: \headheight is too small (13.0pt): 
 Make it at least 14.49998pt.
 We now make it that large for the rest of the document.
 This may cause the page layout to be inconsistent, however.

[10]
Cap\'{\i }tulo 3.
[11

] [12

] [13] [14

]
Package atveryend Info: Empty hook `BeforeClearDocument' on input line 9.
Package atveryend Info: Empty hook `AfterLastShipout' on input line 9.
 (./main.aux
LaTeX Info: Redefining \. on input line 23.
LaTeX Info: Redefining \% on input line 23.
)
Package atveryend Info: Executing hook `AtVeryEndDocument' on input line 9.
Package atveryend Info: Executing hook `AtEndAfterFileList' on input line 9.


Package rerunfilecheck Warning: File `main.out' has changed.
(rerunfilecheck)                Rerun to get outlines right
(rerunfilecheck)                or use package `bookmark'.

Package rerunfilecheck Info: Checksums for `main.out':
(rerunfilecheck)             Before: F5EEA97C8ED3805932F2ABE60D24C9F5;10369
(rerunfilecheck)             After:  EBC801C8C78692F654CD18DE543A97CE;1390.

LaTeX Font Warning: Some font shapes were not available, defaults substituted.

Package atveryend Info: Empty hook `AtVeryVeryEnd' on input line 9.
 ) ) 
Here is how much of TeX's memory you used:
 19848 strings out of 494763
 329372 string characters out of 3171442
 421801 words of memory out of 3000000
 22294 multiletter control sequences out of 15000+200000
 87331 words of font info for 77 fonts, out of 3000000 for 9000
 134 hyphenation exceptions out of 8191
 63i,12n,57p,975b,644s stack positions out of 5000i,500n,10000p,200000b,50000s
pdfTeX warning (dest): name{cite.ine-esperanza} has been referenced but doe
s not exist, replaced by a fixed one

pdfTeX warning (dest): name{cite.Hirvasoja2004} has been referenced but does no
t exist, replaced by a fixed one

pdfTeX warning (dest): name{cite.Hackley2011} has been referenced but does not 
exist, replaced by a fixed one

pdfTeX warning (dest): name{lstlisting.Alph3.4} has been referenced but does no
t exist, replaced by a fixed one

pdfTeX warning (dest): name{lstlisting.Alph3.3} has been referenced but does no
t exist, replaced by a fixed one

pdfTeX warning (dest): name{lstlisting.Alph3.2} has been referenced but does no
t exist, replaced by a fixed one

pdfTeX warning (dest): name{lstlisting.Alph3.1} has been referenced but does no
t exist, replaced by a fixed one

pdfTeX warning (dest): name{lstlisting.3.2} has been referenced but does not ex
ist, replaced by a fixed one

pdfTeX warning (dest): name{lstlisting.3.1} has been referenced but does not ex
ist, replaced by a fixed one

pdfTeX warning (dest): name{figure.Alph4.13} has been referenced but does not e
xist, replaced by a fixed one

pdfTeX warning (dest): name{figure.Alph4.12} has been referenced but does not e
xist, replaced by a fixed one

pdfTeX warning (dest): name{figure.Alph4.11} has been referenced but does not e
xist, replaced by a fixed one

pdfTeX warning (dest): name{figure.Alph4.10} has been referenced but does not e
xist, replaced by a fixed one

pdfTeX warning (dest): name{figure.Alph4.9} has been referenced but does not ex
ist, replaced by a fixed one

pdfTeX warning (dest): name{figure.Alph4.8} has been referenced but does not ex
ist, replaced by a fixed one

pdfTeX warning (dest): name{figure.Alph4.7} has been referenced but does not ex
ist, replaced by a fixed one

pdfTeX warning (dest): name{figure.Alph4.6} has been referenced but does not ex
ist, replaced by a fixed one

pdfTeX warning (dest): name{figure.Alph4.5} has been referenced but does not ex
ist, replaced by a fixed one

pdfTeX warning (dest): name{figure.Alph4.4} has been referenced but does not ex
ist, replaced by a fixed one

pdfTeX warning (dest): name{figure.Alph4.3} has been referenced but does not ex
ist, replaced by a fixed one

pdfTeX warning (dest): name{figure.Alph4.2} has been referenced but does not ex
ist, replaced by a fixed one

pdfTeX warning (dest): name{figure.Alph4.1} has been referenced but does not ex
ist, replaced by a fixed one

pdfTeX warning (dest): name{figure.Alph3.4} has been referenced but does not ex
ist, replaced by a fixed one

pdfTeX warning (dest): name{figure.Alph3.3} has been referenced but does not ex
ist, replaced by a fixed one

pdfTeX warning (dest): name{figure.Alph3.2} has been referenced but does not ex
ist, replaced by a fixed one

pdfTeX warning (dest): name{figure.Alph3.1} has been referenced but does not ex
ist, replaced by a fixed one

pdfTeX warning (dest): name{figure.Alph2.1} has been referenced but does not ex
ist, replaced by a fixed one

pdfTeX warning (dest): name{figure.Alph1.8} has been referenced but does not ex
ist, replaced by a fixed one

pdfTeX warning (dest): name{figure.Alph1.7} has been referenced but does not ex
ist, replaced by a fixed one

pdfTeX warning (dest): name{figure.Alph1.6} has been referenced but does not ex
ist, replaced by a fixed one

pdfTeX warning (dest): name{figure.Alph1.5} has been referenced but does not ex
ist, replaced by a fixed one

pdfTeX warning (dest): name{figure.Alph1.4} has been referenced but does not ex
ist, replaced by a fixed one

pdfTeX warning (dest): name{figure.Alph1.3} has been referenced but does not ex
ist, replaced by a fixed one

pdfTeX warning (dest): name{figure.Alph1.2} has been referenced but does not ex
ist, replaced by a fixed one

pdfTeX warning (dest): name{figure.Alph1.1} has been referenced but does not ex
ist, replaced by a fixed one

pdfTeX warning (dest): name{figure.6.7} has been referenced but does not exist,
 replaced by a fixed one

pdfTeX warning (dest): name{figure.6.6} has been referenced but does not exist,
 replaced by a fixed one

pdfTeX warning (dest): name{figure.6.5} has been referenced but does not exist,
 replaced by a fixed one

pdfTeX warning (dest): name{figure.6.4} has been referenced but does not exist,
 replaced by a fixed one

pdfTeX warning (dest): name{figure.6.3} has been referenced but does not exist,
 replaced by a fixed one

pdfTeX warning (dest): name{figure.6.2} has been referenced but does not exist,
 replaced by a fixed one

pdfTeX warning (dest): name{figure.6.1} has been referenced but does not exist,
 replaced by a fixed one

pdfTeX warning (dest): name{figure.5.1} has been referenced but does not exist,
 replaced by a fixed one

pdfTeX warning (dest): name{figure.5.4} has been referenced but does not exist,
 replaced by a fixed one

pdfTeX warning (dest): name{figure.5.3} has been referenced but does not exist,
 replaced by a fixed one

pdfTeX warning (dest): name{figure.5.2} has been referenced but does not exist,
 replaced by a fixed one

pdfTeX warning (dest): name{figure.4.12} has been referenced but does not exist
, replaced by a fixed one

pdfTeX warning (dest): name{figure.4.11} has been referenced but does not exist
, replaced by a fixed one

pdfTeX warning (dest): name{figure.4.10} has been referenced but does not exist
, replaced by a fixed one

pdfTeX warning (dest): name{figure.4.9} has been referenced but does not exist,
 replaced by a fixed one

pdfTeX warning (dest): name{figure.4.7} has been referenced but does not exist,
 replaced by a fixed one

pdfTeX warning (dest): name{figure.4.8} has been referenced but does not exist,
 replaced by a fixed one

pdfTeX warning (dest): name{figure.4.6} has been referenced but does not exist,
 replaced by a fixed one

pdfTeX warning (dest): name{figure.4.5} has been referenced but does not exist,
 replaced by a fixed one

pdfTeX warning (dest): name{figure.4.4} has been referenced but does not exist,
 replaced by a fixed one

pdfTeX warning (dest): name{figure.4.3} has been referenced but does not exist,
 replaced by a fixed one

pdfTeX warning (dest): name{figure.4.2} has been referenced but does not exist,
 replaced by a fixed one

pdfTeX warning (dest): name{figure.4.1} has been referenced but does not exist,
 replaced by a fixed one

pdfTeX warning (dest): name{figure.3.21} has been referenced but does not exist
, replaced by a fixed one

pdfTeX warning (dest): name{figure.3.20} has been referenced but does not exist
, replaced by a fixed one

pdfTeX warning (dest): name{figure.3.19} has been referenced but does not exist
, replaced by a fixed one

pdfTeX warning (dest): name{figure.3.18} has been referenced but does not exist
, replaced by a fixed one

pdfTeX warning (dest): name{figure.3.17} has been referenced but does not exist
, replaced by a fixed one

pdfTeX warning (dest): name{figure.3.16} has been referenced but does not exist
, replaced by a fixed one

pdfTeX warning (dest): name{figure.3.15} has been referenced but does not exist
, replaced by a fixed one

pdfTeX warning (dest): name{figure.3.14} has been referenced but does not exist
, replaced by a fixed one

pdfTeX warning (dest): name{figure.3.13} has been referenced but does not exist
, replaced by a fixed one

pdfTeX warning (dest): name{figure.3.12} has been referenced but does not exist
, replaced by a fixed one

pdfTeX warning (dest): name{figure.3.11} has been referenced but does not exist
, replaced by a fixed one

pdfTeX warning (dest): name{figure.3.10} has been referenced but does not exist
, replaced by a fixed one

pdfTeX warning (dest): name{figure.3.9} has been referenced but does not exist,
 replaced by a fixed one

pdfTeX warning (dest): name{figure.3.8} has been referenced but does not exist,
 replaced by a fixed one

pdfTeX warning (dest): name{figure.3.7} has been referenced but does not exist,
 replaced by a fixed one

pdfTeX warning (dest): name{figure.3.6} has been referenced but does not exist,
 replaced by a fixed one

pdfTeX warning (dest): name{figure.3.5} has been referenced but does not exist,
 replaced by a fixed one

pdfTeX warning (dest): name{figure.3.4} has been referenced but does not exist,
 replaced by a fixed one

pdfTeX warning (dest): name{figure.3.3} has been referenced but does not exist,
 replaced by a fixed one

pdfTeX warning (dest): name{figure.3.2} has been referenced but does not exist,
 replaced by a fixed one

pdfTeX warning (dest): name{figure.3.1} has been referenced but does not exist,
 replaced by a fixed one

pdfTeX warning (dest): name{table.6.1} has been referenced but does not exist, 
replaced by a fixed one

pdfTeX warning (dest): name{table.4.4} has been referenced but does not exist, 
replaced by a fixed one

pdfTeX warning (dest): name{table.4.3} has been referenced but does not exist, 
replaced by a fixed one

pdfTeX warning (dest): name{table.4.2} has been referenced but does not exist, 
replaced by a fixed one

pdfTeX warning (dest): name{table.4.1} has been referenced but does not exist, 
replaced by a fixed one

pdfTeX warning (dest): name{chap:GFDL} has been referenced but does not exist, 
replaced by a fixed one

pdfTeX warning (dest): name{appendix*.24} has been referenced but does not exis
t, replaced by a fixed one

pdfTeX warning (dest): name{appendix.Alph5} has been referenced but does not ex
ist, replaced by a fixed one

pdfTeX warning (dest): name{subsection.Alph4.2.4} has been referenced but does 
not exist, replaced by a fixed one

pdfTeX warning (dest): name{subsection.Alph4.2.3} has been referenced but does 
not exist, replaced by a fixed one

pdfTeX warning (dest): name{subsection.Alph4.2.2} has been referenced but does 
not exist, replaced by a fixed one

pdfTeX warning (dest): name{subsection.Alph4.2.1} has been referenced but does 
not exist, replaced by a fixed one

pdfTeX warning (dest): name{section.Alph4.2} has been referenced but does not e
xist, replaced by a fixed one

pdfTeX warning (dest): name{subsection.Alph4.1.5} has been referenced but does 
not exist, replaced by a fixed one

pdfTeX warning (dest): name{subsection.Alph4.1.4} has been referenced but does 
not exist, replaced by a fixed one

pdfTeX warning (dest): name{subsection.Alph4.1.3} has been referenced but does 
not exist, replaced by a fixed one

pdfTeX warning (dest): name{subsection.Alph4.1.2} has been referenced but does 
not exist, replaced by a fixed one

pdfTeX warning (dest): name{subsection.Alph4.1.1} has been referenced but does 
not exist, replaced by a fixed one

pdfTeX warning (dest): name{section.Alph4.1} has been referenced but does not e
xist, replaced by a fixed one

pdfTeX warning (dest): name{appendix.Alph4} has been referenced but does not ex
ist, replaced by a fixed one

pdfTeX warning (dest): name{section.Alph3.5} has been referenced but does not e
xist, replaced by a fixed one

pdfTeX warning (dest): name{subsection.Alph3.4.6} has been referenced but does 
not exist, replaced by a fixed one

pdfTeX warning (dest): name{subsection.Alph3.4.5} has been referenced but does 
not exist, replaced by a fixed one

pdfTeX warning (dest): name{subsection.Alph3.4.4} has been referenced but does 
not exist, replaced by a fixed one

pdfTeX warning (dest): name{subsection.Alph3.4.3} has been referenced but does 
not exist, replaced by a fixed one

pdfTeX warning (dest): name{subsection.Alph3.4.2} has been referenced but does 
not exist, replaced by a fixed one

pdfTeX warning (dest): name{subsection.Alph3.4.1} has been referenced but does 
not exist, replaced by a fixed one

pdfTeX warning (dest): name{section.Alph3.4} has been referenced but does not e
xist, replaced by a fixed one

pdfTeX warning (dest): name{subsection.Alph3.3.2} has been referenced but does 
not exist, replaced by a fixed one

pdfTeX warning (dest): name{subsection.Alph3.3.1} has been referenced but does 
not exist, replaced by a fixed one

pdfTeX warning (dest): name{section.Alph3.3} has been referenced but does not e
xist, replaced by a fixed one

pdfTeX warning (dest): name{subsection.Alph3.2.2} has been referenced but does 
not exist, replaced by a fixed one

pdfTeX warning (dest): name{subsection.Alph3.2.1} has been referenced but does 
not exist, replaced by a fixed one

pdfTeX warning (dest): name{section.Alph3.2} has been referenced but does not e
xist, replaced by a fixed one

pdfTeX warning (dest): name{subsection.Alph3.1.2} has been referenced but does 
not exist, replaced by a fixed one

pdfTeX warning (dest): name{subsection.Alph3.1.1} has been referenced but does 
not exist, replaced by a fixed one

pdfTeX warning (dest): name{section.Alph3.1} has been referenced but does not e
xist, replaced by a fixed one

pdfTeX warning (dest): name{appendix.Alph3} has been referenced but does not ex
ist, replaced by a fixed one

pdfTeX warning (dest): name{section.Alph2.2} has been referenced but does not e
xist, replaced by a fixed one

pdfTeX warning (dest): name{subsection.Alph2.1.2} has been referenced but does 
not exist, replaced by a fixed one

pdfTeX warning (dest): name{subsection.Alph2.1.1} has been referenced but does 
not exist, replaced by a fixed one

pdfTeX warning (dest): name{section.Alph2.1} has been referenced but does not e
xist, replaced by a fixed one

pdfTeX warning (dest): name{appendix.Alph2} has been referenced but does not ex
ist, replaced by a fixed one

pdfTeX warning (dest): name{section.Alph1.5} has been referenced but does not e
xist, replaced by a fixed one

pdfTeX warning (dest): name{section.Alph1.4} has been referenced but does not e
xist, replaced by a fixed one

pdfTeX warning (dest): name{section.Alph1.3} has been referenced but does not e
xist, replaced by a fixed one

pdfTeX warning (dest): name{section.Alph1.2} has been referenced but does not e
xist, replaced by a fixed one

pdfTeX warning (dest): name{section.Alph1.1} has been referenced but does not e
xist, replaced by a fixed one

pdfTeX warning (dest): name{appendix.Alph1} has been referenced but does not ex
ist, replaced by a fixed one

pdfTeX warning (dest): name{section.7.3} has been referenced but does not exist
, replaced by a fixed one

pdfTeX warning (dest): name{section.7.2} has been referenced but does not exist
, replaced by a fixed one

pdfTeX warning (dest): name{section.7.1} has been referenced but does not exist
, replaced by a fixed one

pdfTeX warning (dest): name{chapter.7} has been referenced but does not exist, 
replaced by a fixed one

pdfTeX warning (dest): name{subsection.6.3.2} has been referenced but does not 
exist, replaced by a fixed one

pdfTeX warning (dest): name{subsection.6.3.1} has been referenced but does not 
exist, replaced by a fixed one

pdfTeX warning (dest): name{section.6.3} has been referenced but does not exist
, replaced by a fixed one

pdfTeX warning (dest): name{subsection.6.2.3} has been referenced but does not 
exist, replaced by a fixed one

pdfTeX warning (dest): name{subsection.6.2.2} has been referenced but does not 
exist, replaced by a fixed one

pdfTeX warning (dest): name{subsection.6.2.1} has been referenced but does not 
exist, replaced by a fixed one

pdfTeX warning (dest): name{section.6.2} has been referenced but does not exist
, replaced by a fixed one

pdfTeX warning (dest): name{subsection.6.1.5} has been referenced but does not 
exist, replaced by a fixed one

pdfTeX warning (dest): name{subsection.6.1.4} has been referenced but does not 
exist, replaced by a fixed one

pdfTeX warning (dest): name{subsection.6.1.3} has been referenced but does not 
exist, replaced by a fixed one

pdfTeX warning (dest): name{subsection.6.1.2} has been referenced but does not 
exist, replaced by a fixed one

pdfTeX warning (dest): name{subsection.6.1.1} has been referenced but does not 
exist, replaced by a fixed one

pdfTeX warning (dest): name{section.6.1} has been referenced but does not exist
, replaced by a fixed one

pdfTeX warning (dest): name{chapter.6} has been referenced but does not exist, 
replaced by a fixed one

pdfTeX warning (dest): name{section.5.4} has been referenced but does not exist
, replaced by a fixed one

pdfTeX warning (dest): name{subsection.5.3.1} has been referenced but does not 
exist, replaced by a fixed one

pdfTeX warning (dest): name{section.5.3} has been referenced but does not exist
, replaced by a fixed one

pdfTeX warning (dest): name{subsection.5.2.1} has been referenced but does not 
exist, replaced by a fixed one

pdfTeX warning (dest): name{section.5.2} has been referenced but does not exist
, replaced by a fixed one

pdfTeX warning (dest): name{section.5.1} has been referenced but does not exist
, replaced by a fixed one

pdfTeX warning (dest): name{chapter.5} has been referenced but does not exist, 
replaced by a fixed one

pdfTeX warning (dest): name{subsection.4.9.4} has been referenced but does not 
exist, replaced by a fixed one

pdfTeX warning (dest): name{subsection.4.9.3} has been referenced but does not 
exist, replaced by a fixed one

pdfTeX warning (dest): name{subsection.4.9.2} has been referenced but does not 
exist, replaced by a fixed one

pdfTeX warning (dest): name{subsection.4.9.1} has been referenced but does not 
exist, replaced by a fixed one

pdfTeX warning (dest): name{section.4.9} has been referenced but does not exist
, replaced by a fixed one

pdfTeX warning (dest): name{section.4.8} has been referenced but does not exist
, replaced by a fixed one

pdfTeX warning (dest): name{subsection.4.7.2} has been referenced but does not 
exist, replaced by a fixed one

pdfTeX warning (dest): name{subsection.4.7.1} has been referenced but does not 
exist, replaced by a fixed one

pdfTeX warning (dest): name{section.4.7} has been referenced but does not exist
, replaced by a fixed one

pdfTeX warning (dest): name{section.4.6} has been referenced but does not exist
, replaced by a fixed one

pdfTeX warning (dest): name{subsection.4.5.3} has been referenced but does not 
exist, replaced by a fixed one

pdfTeX warning (dest): name{subsection.4.5.2} has been referenced but does not 
exist, replaced by a fixed one

pdfTeX warning (dest): name{subsection.4.5.1} has been referenced but does not 
exist, replaced by a fixed one

pdfTeX warning (dest): name{section.4.5} has been referenced but does not exist
, replaced by a fixed one

pdfTeX warning (dest): name{section.4.4} has been referenced but does not exist
, replaced by a fixed one

pdfTeX warning (dest): name{subsection.4.3.5} has been referenced but does not 
exist, replaced by a fixed one

pdfTeX warning (dest): name{subsection.4.3.4} has been referenced but does not 
exist, replaced by a fixed one

pdfTeX warning (dest): name{subsection.4.3.3} has been referenced but does not 
exist, replaced by a fixed one

pdfTeX warning (dest): name{subsection.4.3.2} has been referenced but does not 
exist, replaced by a fixed one

pdfTeX warning (dest): name{subsection.4.3.1} has been referenced but does not 
exist, replaced by a fixed one

pdfTeX warning (dest): name{section.4.3} has been referenced but does not exist
, replaced by a fixed one

pdfTeX warning (dest): name{section.4.2} has been referenced but does not exist
, replaced by a fixed one

pdfTeX warning (dest): name{subsection.4.1.3} has been referenced but does not 
exist, replaced by a fixed one

pdfTeX warning (dest): name{subsection.4.1.2} has been referenced but does not 
exist, replaced by a fixed one

pdfTeX warning (dest): name{subsection.4.1.1} has been referenced but does not 
exist, replaced by a fixed one

pdfTeX warning (dest): name{section.4.1} has been referenced but does not exist
, replaced by a fixed one

pdfTeX warning (dest): name{chapter.4} has been referenced but does not exist, 
replaced by a fixed one

pdfTeX warning (dest): name{subsection.3.5.5} has been referenced but does not 
exist, replaced by a fixed one

pdfTeX warning (dest): name{subsection.3.5.4} has been referenced but does not 
exist, replaced by a fixed one

pdfTeX warning (dest): name{subsection.3.5.3} has been referenced but does not 
exist, replaced by a fixed one

pdfTeX warning (dest): name{subsection.3.5.2} has been referenced but does not 
exist, replaced by a fixed one

pdfTeX warning (dest): name{subsection.3.5.1} has been referenced but does not 
exist, replaced by a fixed one

pdfTeX warning (dest): name{section.3.5} has been referenced but does not exist
, replaced by a fixed one

pdfTeX warning (dest): name{subsection.3.4.6} has been referenced but does not 
exist, replaced by a fixed one

pdfTeX warning (dest): name{subsection.3.4.5} has been referenced but does not 
exist, replaced by a fixed one

pdfTeX warning (dest): name{subsection.3.4.4} has been referenced but does not 
exist, replaced by a fixed one

pdfTeX warning (dest): name{subsection.3.4.3} has been referenced but does not 
exist, replaced by a fixed one

pdfTeX warning (dest): name{subsection.3.4.2} has been referenced but does not 
exist, replaced by a fixed one

pdfTeX warning (dest): name{subsection.3.4.1} has been referenced but does not 
exist, replaced by a fixed one

pdfTeX warning (dest): name{section.3.4} has been referenced but does not exist
, replaced by a fixed one

pdfTeX warning (dest): name{subsection.3.3.2} has been referenced but does not 
exist, replaced by a fixed one

pdfTeX warning (dest): name{subsection.3.3.1} has been referenced but does not 
exist, replaced by a fixed one

pdfTeX warning (dest): name{section.3.3} has been referenced but does not exist
, replaced by a fixed one

pdfTeX warning (dest): name{section.3.2} has been referenced but does not exist
, replaced by a fixed one

pdfTeX warning (dest): name{section.3.1} has been referenced but does not exist
, replaced by a fixed one

{/opt/local/share/texmf-texlive-dist/fonts/enc/dvips/lm/lm-ec.enc}{/opt/local/s
hare/texmf-texlive-dist/fonts/enc/dvips/base/8r.enc}</opt/local/share/texmf-tex
live-dist/fonts/type1/public/amsfonts/cm/cmsy10.pfb></opt/local/share/texmf-tex
live-dist/fonts/type1/public/lm/lmss12.pfb></opt/local/share/texmf-texlive-dist
/fonts/type1/public/lm/lmss17.pfb></opt/local/share/texmf-texlive-dist/fonts/ty
pe1/public/lm/lmssbx10.pfb></opt/local/share/texmf-texlive-dist/fonts/type1/pub
lic/lm/lmtt12.pfb></opt/local/share/texmf-texlive-dist/fonts/type1/urw/times/ut
mb8a.pfb></opt/local/share/texmf-texlive-dist/fonts/type1/urw/times/utmr8a.pfb>
</opt/local/share/texmf-texlive-dist/fonts/type1/urw/times/utmri8a.pfb>
Output written on main.pdf (46 pages, 890786 bytes).
PDF statistics:
 1263 PDF objects out of 1440 (max. 8388607)
 1191 compressed objects within 12 object streams
 307 named destinations out of 1000 (max. 500000)
 1111 words of extra memory for PDF output out of 10000 (max. 10000000)

